<?xml version="1.0" encoding="UTF-8"?>
<!-- Generated by org.testng.reporters.JUnitReportReporter -->
<testsuite skipped="0" hostname="ironman" name="Tests.CartTest" tests="1" failures="0" timestamp="2020-11-04T21:19:46 CST" time="10.878" errors="0">
  <testcase name="doPriceVerification" time="10.878" classname="Tests.CartTest"/>
  <system-out/>
</testsuite> <!-- Tests.CartTest -->
