<?xml version="1.0" encoding="UTF-8"?>
<!-- Generated by org.testng.reporters.JUnitReportReporter -->
<testsuite skipped="0" hostname="ironman" name="Tests.RegisterTest" tests="2" failures="0" timestamp="2020-11-04T21:19:46 CST" time="12.175" errors="0">
  <testcase name="doRegister" time="6.114" classname="Tests.RegisterTest"/>
  <system-out/>
  <testcase name="doRegister" time="6.061" classname="Tests.RegisterTest"/>
  <system-out/>
</testsuite> <!-- Tests.RegisterTest -->
