<?xml version="1.0" encoding="UTF-8"?>
<!-- Generated by org.testng.reporters.JUnitReportReporter -->
<testsuite skipped="0" hostname="ironman" name="Tests.PriceVerificationTest" tests="2" failures="0" timestamp="2020-11-04T21:19:46 CST" time="31.061" errors="0">
  <testcase name="doPriceVerification" time="17.035" classname="Tests.PriceVerificationTest"/>
  <system-out/>
  <testcase name="doPriceVerification" time="14.026" classname="Tests.PriceVerificationTest"/>
  <system-out/>
</testsuite> <!-- Tests.PriceVerificationTest -->
